<?xml version="1.0" encoding="UTF-8"?>
<Site BuildName="Win32-MSBuild"
	BuildStamp="20250327-1938-Experimental"
	Name="DESKTOP-OG6F1KT"
	Generator="ctest-3.21.21080301-MSVC_2"
	CompilerName="cl.exe"
	CompilerVersion=""
	OSName="Windows"
	Hostname="DESKTOP-OG6F1KT"
	OSRelease=" Personal"
	OSVersion=" (Build 19045)"
	OSPlatform="AMD64"
	Is64Bits="1"
	VendorString="GenuineIntel"
	VendorID="Intel Corporation"
	FamilyID="6"
	ModelID="10"
	ProcessorCacheSize="-1"
	NumberOfLogicalCPU="8"
	NumberOfPhysicalCPU="4"
	TotalVirtualMemory="17268"
	TotalPhysicalMemory="16244"
	LogicalProcessorsPerPhysical="2"
	ProcessorClockFrequency="2294"
	>
	<Testing>
		<StartDateTime>Mar 27 21:23 Mitteleurop[NON-UTF-8-BYTE-0xE4]ische Zeit</StartDateTime>
		<StartTestTime>1743107010</StartTestTime>
		<TestList/>
		<EndDateTime>Mar 27 21:23 Mitteleurop[NON-UTF-8-BYTE-0xE4]ische Zeit</EndDateTime>
		<EndTestTime>1743107010</EndTestTime>
		<ElapsedMinutes>0</ElapsedMinutes>
	</Testing>
</Site>
